Fri May  8 14:56:59 UTC 2026 - refactor kubernetes manifest
Fri May  8 14:58:15 UTC 2026 - improve helm values
Sat May  9 01:52:44 UTC 2026 - improve helm values
Sat May  9 07:26:10 UTC 2026 - update terraform variables
Sat May  9 11:39:53 UTC 2026 - refactor kubernetes manifest
Sun May 10 01:52:39 UTC 2026 - cleanup docker image
Sun May 10 07:35:47 UTC 2026 - update terraform variables
Sun May 10 11:39:46 UTC 2026 - refactor kubernetes manifest
Mon May 11 01:53:08 UTC 2026 - cleanup docker image
Mon May 11 08:00:43 UTC 2026 - improve helm values
Mon May 11 12:26:16 UTC 2026 - tune victoria metrics
Tue May 12 01:53:05 UTC 2026 - update terraform variables
Tue May 12 07:44:35 UTC 2026 - adjust hpa scaling
Tue May 12 12:05:19 UTC 2026 - refactor kubernetes manifest
Wed May 13 01:52:56 UTC 2026 - update terraform variables
Wed May 13 07:46:16 UTC 2026 - refactor kubernetes manifest
Wed May 13 12:07:41 UTC 2026 - fix monitoring labels
Thu May 14 01:53:06 UTC 2026 - improve loki retention
Thu May 14 07:44:25 UTC 2026 - improve loki retention
Thu May 14 12:03:51 UTC 2026 - improve helm values
Fri May 15 01:52:55 UTC 2026 - update ci pipeline
Fri May 15 07:47:25 UTC 2026 - tune victoria metrics
Fri May 15 12:04:03 UTC 2026 - tune victoria metrics
